#
# A fatal error has been detected by the Java Runtime Environment:
#
#  Internal Error (classFileParser.cpp:3494), pid=4016, tid=5364
#  Error: ShouldNotReachHere()
#
# JRE version: 6.0_25-b06
# Java VM: Java HotSpot(TM) Client VM (20.0-b11 mixed mode windows-x86 )
# If you would like to submit a bug report, please visit:
#   http://java.sun.com/webapps/bugreport/crash.jsp
#

---------------  T H R E A D  ---------------

Current thread (0x002ff800):  JavaThread "Unknown thread" [_thread_in_vm, id=5364, stack(0x00290000,0x002e0000)]

Stack: [0x00290000,0x002e0000],  sp=0x002df86c,  free space=318k
Native frames: (J=compiled Java code, j=interpreted, Vv=VM code, C=native code)
V  [jvm.dll+0x13363a]
V  [jvm.dll+0x12e59b]
V  [jvm.dll+0x164ce]
V  [jvm.dll+0x17cff]
V  [jvm.dll+0x26de5]
V  [jvm.dll+0x27626]
V  [jvm.dll+0x279d5]
V  [jvm.dll+0x27a69]
V  [jvm.dll+0x27b2c]
V  [jvm.dll+0x27baa]
V  [jvm.dll+0x27c8d]
V  [jvm.dll+0x27f59]
V  [jvm.dll+0x6c593]
V  [jvm.dll+0x6c96c]
V  [jvm.dll+0xf9c1c]
V  [jvm.dll+0x1184bb]
V  [jvm.dll+0x9eba0]
C  [javaw.exe+0x1657]
C  [javaw.exe+0x1e2c]
C  [javaw.exe+0x8614]
C  [kernel32.dll+0x133ca]  BaseThreadInitThunk+0x12
C  [ntdll.dll+0x39ed2]  RtlInitializeExceptionChain+0x63
C  [ntdll.dll+0x39ea5]  RtlInitializeExceptionChain+0x36


---------------  P R O C E S S  ---------------

Java Threads: ( => current thread )

Other Threads:

=>0x002ff800 (exited) JavaThread "Unknown thread" [_thread_in_vm, id=5364, stack(0x00290000,0x002e0000)]

VM state:not at safepoint (not fully initialized)

VM Mutex/Monitor currently owned by a thread: None

Dynamic libraries:
0x00400000 - 0x00424000 	C:\Program Files (x86)\Java\jre6\bin\javaw.exe
0x77a10000 - 0x77b90000 	C:\windows\SysWOW64\ntdll.dll
0x76b20000 - 0x76c30000 	C:\windows\syswow64\kernel32.dll
0x76d10000 - 0x76d56000 	C:\windows\syswow64\KERNELBASE.dll
0x76720000 - 0x767c0000 	C:\windows\syswow64\ADVAPI32.dll
0x76f30000 - 0x76fdc000 	C:\windows\syswow64\msvcrt.dll
0x753b0000 - 0x753c9000 	C:\windows\SysWOW64\sechost.dll
0x75160000 - 0x75250000 	C:\windows\syswow64\RPCRT4.dll
0x75100000 - 0x75160000 	C:\windows\syswow64\SspiCli.dll
0x750f0000 - 0x750fc000 	C:\windows\syswow64\CRYPTBASE.dll
0x76d60000 - 0x76e60000 	C:\windows\syswow64\USER32.dll
0x76c80000 - 0x76d10000 	C:\windows\syswow64\GDI32.dll
0x76fe0000 - 0x76fea000 	C:\windows\syswow64\LPK.dll
0x77030000 - 0x770cd000 	C:\windows\syswow64\USP10.dll
0x75350000 - 0x753b0000 	C:\windows\system32\IMM32.DLL
0x762e0000 - 0x763ac000 	C:\windows\syswow64\MSCTF.dll
0x7c340000 - 0x7c396000 	C:\Program Files (x86)\Java\jre6\bin\msvcr71.dll
0x6d7f0000 - 0x6da9f000 	C:\Program Files (x86)\Java\jre6\bin\client\jvm.dll
0x736f0000 - 0x73722000 	C:\windows\system32\WINMM.dll
0x723c0000 - 0x7240c000 	C:\windows\system32\apphelp.dll
0x6d7a0000 - 0x6d7ac000 	C:\Program Files (x86)\Java\jre6\bin\verify.dll
0x6d320000 - 0x6d33f000 	C:\Program Files (x86)\Java\jre6\bin\java.dll
0x779e0000 - 0x779e5000 	C:\windows\syswow64\PSAPI.DLL
0x6d7e0000 - 0x6d7ef000 	C:\Program Files (x86)\Java\jre6\bin\zip.dll

VM Arguments:
jvm_args: -Dvce.launchers=org.eclipse.ve.internal.java.vce.launcher.remotevm.JFCLauncher -Dvce.launcher.class=com.embedstudios.cbox.PhysicsWorld -Dfile.encoding=Cp1252 -Xbootclasspath:C:\Program Files (x86)\Android\android-sdk\platforms\android-4\android.jar 
java_command: org.eclipse.ve.internal.java.vce.launcher.remotevm.JavaBeansLauncher
Launcher Type: SUN_STANDARD

Environment Variables:
CLASSPATH=.;C:\Program Files (x86)\Java\jre6\lib\ext\QTJava.zip
PATH=C:/Program Files (x86)/Java/jre6/bin/client;C:/Program Files (x86)/Java/jre6/bin;C:/Program Files (x86)/Java/jre6/lib/i386;C:\Program Files (x86)\ActiveState Komodo Edit 6\;C:\Program Files\Common Files\Microsoft Shared\Windows Live;C:\Program Files (x86)\Common Files\Microsoft Shared\Windows Live;C:\windows\system32;C:\windows;C:\windows\System32\Wbem;C:\windows\System32\WindowsPowerShell\v1.0\;C:\Program Files (x86)\Windows Live\Shared;C:\Program Files (x86)\ATI Technologies\ATI.ACE\Core-Static;C:\Program Files (x86)\QuickTime\QTSystem\;C:\Python27;C:\Program Files (x86)\Java\jdk1.6.0_25\bin;C:\MinGW\bin;C:\Python27\Scripts;C:\Program Files\TortoiseSVN\bin;C:\Program Files (x86)\Android\android-sdk\platform-tools;C:\Program Files (x86)\Android\android-sdk\tools;C:\Program Files (x86)\Git\cmd;C:\Users\Prem\apache-ant-1.8.2\bin;C:\Program Files\TortoiseHg\;C:\Users\Prem\eclipse;
USERNAME=Prem
OS=Windows_NT
PROCESSOR_IDENTIFIER=AMD64 Family 20 Model 1 Stepping 0, AuthenticAMD



---------------  S Y S T E M  ---------------

OS: Windows 7 Build 7601 Service Pack 1

CPU:total 1 (1 cores per cpu, 1 threads per core) family 20 model 1 stepping 0, cmov, cx8, fxsr, mmx, sse, sse2, sse3, ssse3, popcnt, mmxext, lzcnt, sse4a

Memory: 4k page, physical 2726776k(998956k free), swap 5451704k(3135148k free)

vm_info: Java HotSpot(TM) Client VM (20.0-b11) for windows-x86 JRE (1.6.0_25-b06), built on Apr 14 2011 01:04:32 by "java_re" with MS VC++ 7.1 (VS2003)

time: Wed Jul 06 11:43:43 2011
elapsed time: 0 seconds

